"../../../Engine/Content/Functions/Engine_MaterialFunctions01/Shading/PowerToRoughness.uasset" 0
"../../../Engine/Content/Functions/Engine_MaterialFunctions01/Shading/PowerToRoughness.uexp" 1
"../../../Engine/Content/Functions/Engine_MaterialFunctions01/Shading/ConvertFromDiffSpec.uasset" 2
"../../../Engine/Content/Functions/Engine_MaterialFunctions01/Shading/ConvertFromDiffSpec.uexp" 3
"../../../Engine/Content/EngineSounds/Master.uasset" 4
"../../../Engine/Content/EngineSounds/Master.uexp" 5
"../../../Engine/Content/EngineSky/T_Sky_Stars.ubulk" 6
"../../../Engine/Content/EngineSky/T_Sky_Stars.uasset" 7
"../../../Engine/Content/EngineSky/T_Sky_Stars.uexp" 8
"../../../Engine/Content/EngineSky/T_Sky_Clouds_M.ubulk" 9
"../../../Engine/Content/EngineSky/T_Sky_Clouds_M.uasset" 10
"../../../Engine/Content/EngineSky/T_Sky_Clouds_M.uexp" 11
"../../../Engine/Content/EngineSky/T_Sky_Blue.ubulk" 12
"../../../Engine/Content/EngineSky/T_Sky_Blue.uasset" 13
"../../../Engine/Content/EngineSky/T_Sky_Blue.uexp" 14
"../../../Engine/Content/EngineSky/M_Sky_Panning_Clouds2.uasset" 15
"../../../Engine/Content/EngineSky/M_Sky_Panning_Clouds2.uexp" 16
"../../../Engine/Content/EngineSky/SM_SkySphere.ubulk" 17
"../../../Engine/Content/EngineSky/SM_SkySphere.uasset" 18
"../../../Engine/Content/EngineSky/SM_SkySphere.uexp" 19
"../../../Engine/Content/EngineSky/M_SimpleSkyDome.uasset" 20
"../../../Engine/Content/EngineSky/M_SimpleSkyDome.uexp" 21
"../../../Engine/Content/EngineSky/VolumetricClouds/CloudWeatherTexture.uasset" 22
"../../../Engine/Content/EngineSky/VolumetricClouds/CloudWeatherTexture.uexp" 23
"../../../Engine/Content/Functions/Engine_MaterialFunctions02/Utility/MakeFloat2.uasset" 24
"../../../Engine/Content/Functions/Engine_MaterialFunctions02/Utility/MakeFloat2.uexp" 25
"../../../Engine/Content/EngineSky/VolumetricClouds/CloudGradientTexture.uasset" 26
"../../../Engine/Content/EngineSky/VolumetricClouds/CloudGradientTexture.uexp" 27
"../../../Engine/Content/EngineSky/VolumetricClouds/T_NoiseShape64.ubulk" 28
"../../../Engine/Content/EngineSky/VolumetricClouds/T_NoiseShape64.uasset" 29
"../../../Engine/Content/EngineSky/VolumetricClouds/T_NoiseShape64.uexp" 30
"../../../Engine/Content/EngineSky/VolumetricClouds/T_VolumeNoiseShape64.uasset" 31
"../../../Engine/Content/EngineSky/VolumetricClouds/T_VolumeNoiseShape64.uexp" 32
"../../../Engine/Content/EngineSky/VolumetricClouds/T_NoiseErosion.ubulk" 33
"../../../Engine/Content/EngineSky/VolumetricClouds/T_NoiseErosion.uasset" 34
"../../../Engine/Content/EngineSky/VolumetricClouds/T_NoiseErosion.uexp" 35
"../../../Engine/Content/EngineSky/VolumetricClouds/T_VolumeNoiseErosion32.uasset" 36
"../../../Engine/Content/EngineSky/VolumetricClouds/T_VolumeNoiseErosion32.uexp" 37
"../../../Engine/Content/EngineSky/VolumetricClouds/m_SimpleVolumetricCloud.uasset" 38
"../../../Engine/Content/EngineSky/VolumetricClouds/m_SimpleVolumetricCloud.uexp" 39
"../../../Engine/Content/EngineSky/VolumetricClouds/m_SimpleVolumetricCloud_Inst.uasset" 40
"../../../Engine/Content/EngineSky/VolumetricClouds/m_SimpleVolumetricCloud_Inst.uexp" 41
"../../../Engine/Content/EngineResources/GradientTexture0.uasset" 42
"../../../Engine/Content/EngineResources/GradientTexture0.uexp" 43
"../../../Engine/Content/EngineResources/DefaultVolumeTexture2D.uasset" 44
"../../../Engine/Content/EngineResources/DefaultVolumeTexture2D.uexp" 45
"../../../Engine/Content/EngineResources/DefaultVolumeTexture.uasset" 46
"../../../Engine/Content/EngineResources/DefaultVolumeTexture.uexp" 47
"../../../Engine/Content/EngineResources/DefaultTextureCube.uasset" 48
"../../../Engine/Content/EngineResources/DefaultTextureCube.uexp" 49
"../../../Engine/Content/EngineResources/DefaultTexture.ubulk" 50
"../../../Engine/Content/EngineResources/DefaultTexture.uasset" 51
"../../../Engine/Content/EngineResources/DefaultTexture.uexp" 52
"../../../Engine/Content/EngineResources/Black.uasset" 53
"../../../Engine/Content/EngineResources/Black.uexp" 54
"../../../Engine/Content/EngineResources/FilmGrains/Marcie_Grain_v3_128_M2_000.uasset" 55
"../../../Engine/Content/EngineResources/FilmGrains/Marcie_Grain_v3_128_M2_000.uexp" 56
"../../../Engine/Content/EngineMeshes/Sphere.ubulk" 57
"../../../Engine/Content/EngineMeshes/Sphere.uasset" 58
"../../../Engine/Content/EngineMeshes/Sphere.uexp" 59
"../../../Engine/Content/EngineResources/WhiteSquareTexture.uasset" 60
"../../../Engine/Content/EngineResources/WhiteSquareTexture.uexp" 61
"../../../Engine/Content/EngineMaterials/Widget3DPassThrough.uasset" 62
"../../../Engine/Content/EngineMaterials/Widget3DPassThrough.uexp" 63
"../../../Engine/Content/EngineMaterials/Widget3DPassThrough_Translucent.uasset" 64
"../../../Engine/Content/EngineMaterials/Widget3DPassThrough_Translucent.uexp" 65
"../../../Engine/Content/EngineMaterials/Widget3DPassThrough_Translucent_OneSided.uasset" 66
"../../../Engine/Content/EngineMaterials/Widget3DPassThrough_Translucent_OneSided.uexp" 67
"../../../Engine/Content/EngineMaterials/Widget3DPassThrough_Opaque.uasset" 68
"../../../Engine/Content/EngineMaterials/Widget3DPassThrough_Opaque.uexp" 69
"../../../Engine/Content/EngineMaterials/Widget3DPassThrough_Opaque_OneSided.uasset" 70
"../../../Engine/Content/EngineMaterials/Widget3DPassThrough_Opaque_OneSided.uexp" 71
"../../../Engine/Content/EngineMaterials/Widget3DPassThrough_Masked_OneSided.uasset" 72
"../../../Engine/Content/EngineMaterials/Widget3DPassThrough_Masked_OneSided.uexp" 73
"../../../Engine/Content/EngineMaterials/Widget3DPassThrough_Masked.uasset" 74
"../../../Engine/Content/EngineMaterials/Widget3DPassThrough_Masked.uexp" 75
"../../../Engine/Content/EngineMaterials/WeightMapPlaceholderTexture.uasset" 76
"../../../Engine/Content/EngineMaterials/WeightMapPlaceholderTexture.uexp" 77
"../../../Engine/Content/EngineMaterials/RemoveSurfaceMaterial.uasset" 78
"../../../Engine/Content/EngineMaterials/RemoveSurfaceMaterial.uexp" 79
"../../../Engine/Content/EngineMaterials/PreintegratedSkinBRDF.uasset" 80
"../../../Engine/Content/EngineMaterials/PreintegratedSkinBRDF.uexp" 81
"../../../Engine/Content/EngineMaterials/DefaultCalibrationGrayscale.uasset" 82
"../../../Engine/Content/EngineMaterials/DefaultCalibrationGrayscale.uexp" 83
"../../../Engine/Content/EngineMaterials/PPM_DefaultCalibrationGrayscale.uasset" 84
"../../../Engine/Content/EngineMaterials/PPM_DefaultCalibrationGrayscale.uexp" 85
"../../../Engine/Content/EngineMaterials/DefaultCalibrationColor.uasset" 86
"../../../Engine/Content/EngineMaterials/DefaultCalibrationColor.uexp" 87
"../../../Engine/Content/EngineMaterials/PPM_DefaultCalibrationColor.uasset" 88
"../../../Engine/Content/EngineMaterials/PPM_DefaultCalibrationColor.uexp" 89
"../../../Engine/Content/Functions/Engine_MaterialFunctions02/WorldPositionOffset/CameraOffset.uasset" 90
"../../../Engine/Content/Functions/Engine_MaterialFunctions02/WorldPositionOffset/CameraOffset.uexp" 91
"../../../Engine/Content/EngineMaterials/PhAT_JointLimitMaterial.uasset" 92
"../../../Engine/Content/EngineMaterials/PhAT_JointLimitMaterial.uexp" 93
"../../../Engine/Content/EngineMaterials/InvalidLightmapSettings.ubulk" 94
"../../../Engine/Content/EngineMaterials/InvalidLightmapSettings.uasset" 95
"../../../Engine/Content/EngineMaterials/InvalidLightmapSettings.uexp" 96
"../../../Engine/Content/EngineMaterials/M_InvalidLightmapSettings.uasset" 97
"../../../Engine/Content/EngineMaterials/M_InvalidLightmapSettings.uexp" 98
"../../../Engine/Content/EngineMaterials/MiniFont.uasset" 99
"../../../Engine/Content/EngineMaterials/MiniFont.uexp" 100
"../../../Engine/Content/EngineMaterials/Good64x64TilingNoiseHighFreq.uasset" 101
"../../../Engine/Content/EngineMaterials/Good64x64TilingNoiseHighFreq.uexp" 102
"../../../Engine/Content/EngineMaterials/GizmoMaterial.uasset" 103
"../../../Engine/Content/EngineMaterials/GizmoMaterial.uexp" 104
"../../../Engine/Content/EngineMaterials/BaseFlattenEmissiveMap_VT.uasset" 105
"../../../Engine/Content/EngineMaterials/BaseFlattenEmissiveMap_VT.uexp" 106
"../../../Engine/Content/EngineMaterials/BaseFlattenGrayscaleMap_VT.uasset" 107
"../../../Engine/Content/EngineMaterials/BaseFlattenGrayscaleMap_VT.uexp" 108
"../../../Engine/Content/EngineMaterials/BaseFlattenLinearColor_VT.uasset" 109
"../../../Engine/Content/EngineMaterials/BaseFlattenLinearColor_VT.uexp" 110
"../../../Engine/Content/EngineMaterials/Black_1x1_EXR_Texture_VT.uasset" 111
"../../../Engine/Content/EngineMaterials/Black_1x1_EXR_Texture_VT.uexp" 112
"../../../Engine/Content/EngineMaterials/BaseFlattenDiffuseMap_VT.uasset" 113
"../../../Engine/Content/EngineMaterials/BaseFlattenDiffuseMap_VT.uexp" 114
"../../../Engine/Content/EngineMaterials/BaseFlattenNormalMap_VT.uasset" 115
"../../../Engine/Content/EngineMaterials/BaseFlattenNormalMap_VT.uexp" 116
"../../../Engine/Content/EngineMaterials/FlattenMaterial_WS_Normal_VT.uasset" 117
"../../../Engine/Content/EngineMaterials/FlattenMaterial_WS_Normal_VT.uexp" 118
"../../../Engine/Content/EngineMaterials/FlattenMaterial_VT.uasset" 119
"../../../Engine/Content/EngineMaterials/FlattenMaterial_VT.uexp" 120
"../../../Engine/Content/EngineMaterials/BaseFlattenNormalMap.uasset" 121
"../../../Engine/Content/EngineMaterials/BaseFlattenNormalMap.uexp" 122
"../../../Engine/Content/EngineMaterials/BaseFlattenGrayscaleMap.uasset" 123
"../../../Engine/Content/EngineMaterials/BaseFlattenGrayscaleMap.uexp" 124
"../../../Engine/Content/EngineMaterials/BaseFlattenDiffuseMap.uasset" 125
"../../../Engine/Content/EngineMaterials/BaseFlattenDiffuseMap.uexp" 126
"../../../Engine/Content/Functions/Engine_MaterialFunctions02/PivotPainter2/Black_1x1_EXR_Texture.uasset" 127
"../../../Engine/Content/Functions/Engine_MaterialFunctions02/PivotPainter2/Black_1x1_EXR_Texture.uexp" 128
"../../../Engine/Content/EngineMaterials/BaseFlattenEmissiveMap.uasset" 129
"../../../Engine/Content/EngineMaterials/BaseFlattenEmissiveMap.uexp" 130
"../../../Engine/Content/EngineMaterials/BaseFlattenLinearColor.uasset" 131
"../../../Engine/Content/EngineMaterials/BaseFlattenLinearColor.uexp" 132
"../../../Engine/Content/EngineMaterials/FlattenMaterial.uasset" 133
"../../../Engine/Content/EngineMaterials/FlattenMaterial.uexp" 134
"../../../Engine/Content/EngineMaterials/DefaultWhiteGrid_Low.uasset" 135
"../../../Engine/Content/EngineMaterials/DefaultWhiteGrid_Low.uexp" 136
"../../../Engine/Content/EngineMaterials/EmissiveMeshMaterial.uasset" 137
"../../../Engine/Content/EngineMaterials/EmissiveMeshMaterial.uexp" 138
"../../../Engine/Content/EngineMaterials/DefaultWhiteGrid.ubulk" 139
"../../../Engine/Content/EngineMaterials/DefaultWhiteGrid.uasset" 140
"../../../Engine/Content/EngineMaterials/DefaultWhiteGrid.uexp" 141
"../../../Engine/Content/EngineFonts/RobotoDistanceField.uasset" 142
"../../../Engine/Content/EngineFonts/RobotoDistanceField.uexp" 143
"../../../Engine/Content/EngineMaterials/DefaultTextMaterialOpaque.uasset" 144
"../../../Engine/Content/EngineMaterials/DefaultTextMaterialOpaque.uexp" 145
"../../../Engine/Content/EngineMaterials/DefaultDiffuse.ubulk" 146
"../../../Engine/Content/EngineMaterials/DefaultDiffuse.uasset" 147
"../../../Engine/Content/EngineMaterials/DefaultDiffuse.uexp" 148
"../../../Engine/Content/Functions/Engine_MaterialFunctions02/Utility/BreakOutFloat2Components.uasset" 149
"../../../Engine/Content/Functions/Engine_MaterialFunctions02/Utility/BreakOutFloat2Components.uexp" 150
"../../../Engine/Content/EngineMaterials/DefaultPostProcessMaterial.uasset" 151
"../../../Engine/Content/EngineMaterials/DefaultPostProcessMaterial.uexp" 152
"../../../Engine/Content/EngineMaterials/DefaultPhysicalMaterial.uasset" 153
"../../../Engine/Content/EngineMaterials/DefaultPhysicalMaterial.uexp" 154
"../../../Engine/Content/EngineMaterials/DefaultLightFunctionMaterial.uasset" 155
"../../../Engine/Content/EngineMaterials/DefaultLightFunctionMaterial.uexp" 156
"../../../Engine/Content/EngineMaterials/DefaultDestructiblePhysicalMaterial.uasset" 157
"../../../Engine/Content/EngineMaterials/DefaultDestructiblePhysicalMaterial.uexp" 158
"../../../Engine/Content/EngineMaterials/DefaultDeferredDecalMaterial.uasset" 159
"../../../Engine/Content/EngineMaterials/DefaultDeferredDecalMaterial.uexp" 160
"../../../Engine/Content/EngineMaterials/DefaultBokeh.uasset" 161
"../../../Engine/Content/EngineMaterials/DefaultBokeh.uexp" 162
"../../../Engine/Content/EngineMaterials/DefaultBloomKernel.uasset" 163
"../../../Engine/Content/EngineMaterials/DefaultBloomKernel.uexp" 164
"../../../Engine/Content/EngineMaterials/BlueNoise.uasset" 165
"../../../Engine/Content/EngineMaterials/BlueNoise.uexp" 166
"../../../Engine/Content/EngineFonts/Faces/RobotoLight.uexp" 167
"../../../Engine/Content/EngineFonts/Faces/RobotoLight.uasset" 168
"../../../Engine/Content/EngineFonts/Faces/RobotoLight.ufont" 169
"../../../Engine/Content/EngineFonts/Faces/RobotoBold.uexp" 170
"../../../Engine/Content/EngineFonts/Faces/RobotoBold.uasset" 171
"../../../Engine/Content/EngineFonts/Faces/RobotoBold.ufont" 172
"../../../Engine/Content/EngineFonts/Faces/RobotoRegular.uexp" 173
"../../../Engine/Content/EngineFonts/Faces/RobotoRegular.uasset" 174
"../../../Engine/Content/EngineFonts/Faces/RobotoRegular.ufont" 175
"../../../Engine/Content/EngineFonts/Faces/DroidSansFallback.uexp" 176
"../../../Engine/Content/EngineFonts/Faces/DroidSansFallback.uasset" 177
"../../../Engine/Content/EngineFonts/Faces/DroidSansFallback.ufont" 178
"../../../Engine/Content/EngineFonts/Faces/RobotoItalic.uexp" 179
"../../../Engine/Content/EngineFonts/Faces/RobotoItalic.uasset" 180
"../../../Engine/Content/EngineFonts/Faces/RobotoItalic.ufont" 181
"../../../Engine/Content/EngineFonts/Faces/RobotoBoldItalic.uexp" 182
"../../../Engine/Content/EngineFonts/Faces/RobotoBoldItalic.uasset" 183
"../../../Engine/Content/EngineFonts/Faces/RobotoBoldItalic.ufont" 184
"../../../Engine/Content/EngineFonts/Roboto.uasset" 185
"../../../Engine/Content/EngineFonts/Roboto.uexp" 186
"../../../Engine/Content/Functions/Engine_MaterialFunctions02/Utility/CameraDirectionVector.uasset" 187
"../../../Engine/Content/Functions/Engine_MaterialFunctions02/Utility/CameraDirectionVector.uexp" 188
"../../../Engine/Content/EngineDebugMaterials/VolumeToRender.uasset" 189
"../../../Engine/Content/EngineDebugMaterials/VolumeToRender.uexp" 190
"../../../Engine/Content/EngineDebugMaterials/M_VolumeRenderSphereTracePP.uasset" 191
"../../../Engine/Content/EngineDebugMaterials/M_VolumeRenderSphereTracePP.uexp" 192
"../../../Engine/Content/EngineDebugMaterials/M_SimpleUnlitTranslucent.uasset" 193
"../../../Engine/Content/EngineDebugMaterials/M_SimpleUnlitTranslucent.uexp" 194
"../../../Engine/Content/EngineDebugMaterials/DebugMeshMaterial.uasset" 195
"../../../Engine/Content/EngineDebugMaterials/DebugMeshMaterial.uexp" 196
"../../../Engine/Content/EngineDebugMaterials/DebugEditorMaterial.uasset" 197
"../../../Engine/Content/EngineDebugMaterials/DebugEditorMaterial.uexp" 198
"../../../Engine/Content/EngineDamageTypes/DmgTypeBP_Environmental.uasset" 199
"../../../Engine/Content/EngineDamageTypes/DmgTypeBP_Environmental.uexp" 200
"../../../Engine/Content/EditorResources/S_TriggerSphere.uasset" 201
"../../../Engine/Content/EditorResources/S_TriggerSphere.uexp" 202
"../../../Engine/Content/EditorResources/S_TriggerCapsule.uasset" 203
"../../../Engine/Content/EditorResources/S_TriggerCapsule.uexp" 204
"../../../Engine/Content/EditorResources/S_TriggerBox.uasset" 205
"../../../Engine/Content/EditorResources/S_TriggerBox.uexp" 206
"../../../Engine/Content/EditorResources/S_Trigger.ubulk" 207
"../../../Engine/Content/EditorResources/S_Trigger.uasset" 208
"../../../Engine/Content/EditorResources/S_Trigger.uexp" 209
"../../../Engine/Content/EditorResources/S_Terrain.ubulk" 210
"../../../Engine/Content/EditorResources/S_Terrain.uasset" 211
"../../../Engine/Content/EditorResources/S_Terrain.uexp" 212
"../../../Engine/Content/EditorResources/S_Solver.ubulk" 213
"../../../Engine/Content/EditorResources/S_Solver.uasset" 214
"../../../Engine/Content/EditorResources/S_Solver.uexp" 215
"../../../Engine/Content/EditorResources/S_BoxReflectionCapture.uasset" 216
"../../../Engine/Content/EditorResources/S_BoxReflectionCapture.uexp" 217
"../../../Engine/Content/EditorResources/S_Actor.ubulk" 218
"../../../Engine/Content/EditorResources/S_Actor.uasset" 219
"../../../Engine/Content/EditorResources/S_Actor.uexp" 220
"../../../Engine/Content/EditorResources/EmptyActor.uasset" 221
"../../../Engine/Content/EditorResources/EmptyActor.uexp" 222
"../../../Engine/Content/EditorResources/BSPVertex.uasset" 223
"../../../Engine/Content/EditorResources/BSPVertex.uexp" 224
"../../../Engine/Content/EditorResources/SequenceRecorder/RecordingIndicator.uasset" 225
"../../../Engine/Content/EditorResources/SequenceRecorder/RecordingIndicator.uexp" 226
"../../../Engine/Content/EditorResources/SequenceRecorder/Countdown.uasset" 227
"../../../Engine/Content/EditorResources/SequenceRecorder/Countdown.uexp" 228
"../../../Engine/Content/EditorMaterials/Camera/CineMat.uasset" 229
"../../../Engine/Content/EditorMaterials/Camera/CineMat.uexp" 230
"../../../Engine/Content/EditorMaterials/Camera/MI_CineMat_Rig.uasset" 231
"../../../Engine/Content/EditorMaterials/Camera/MI_CineMat_Rig.uexp" 232
"../../../Engine/Content/EditorMeshes/Camera/SM_RailRig_Track.ubulk" 233
"../../../Engine/Content/EditorMeshes/Camera/SM_RailRig_Track.uasset" 234
"../../../Engine/Content/EditorMeshes/Camera/SM_RailRig_Track.uexp" 235
"../../../Engine/Content/EditorMeshes/Camera/SM_RailRig_Mount.ubulk" 236
"../../../Engine/Content/EditorMeshes/Camera/SM_RailRig_Mount.uasset" 237
"../../../Engine/Content/EditorMeshes/Camera/SM_RailRig_Mount.uexp" 238
"../../../Engine/Content/EditorMeshes/Camera/SM_CraneRig_Mount.ubulk" 239
"../../../Engine/Content/EditorMeshes/Camera/SM_CraneRig_Mount.uasset" 240
"../../../Engine/Content/EditorMeshes/Camera/SM_CraneRig_Mount.uexp" 241
"../../../Engine/Content/EditorMeshes/Camera/SM_CraneRig_Body.ubulk" 242
"../../../Engine/Content/EditorMeshes/Camera/SM_CraneRig_Body.uasset" 243
"../../../Engine/Content/EditorMeshes/Camera/SM_CraneRig_Body.uexp" 244
"../../../Engine/Content/EditorMeshes/Camera/SM_CraneRig_Base.ubulk" 245
"../../../Engine/Content/EditorMeshes/Camera/SM_CraneRig_Base.uasset" 246
"../../../Engine/Content/EditorMeshes/Camera/SM_CraneRig_Base.uexp" 247
"../../../Engine/Content/EditorMeshes/Camera/SM_CraneRig_Arm.ubulk" 248
"../../../Engine/Content/EditorMeshes/Camera/SM_CraneRig_Arm.uasset" 249
"../../../Engine/Content/EditorMeshes/Camera/SM_CraneRig_Arm.uexp" 250
"../../../Engine/Content/EditorMaterials/PreviewShadowIndicator.ubulk" 251
"../../../Engine/Content/EditorMaterials/PreviewShadowIndicator.uasset" 252
"../../../Engine/Content/EditorMaterials/PreviewShadowIndicator.uexp" 253
"../../../Engine/Content/EditorMaterials/PreviewShadowIndicatorMaterial.uasset" 254
"../../../Engine/Content/EditorMaterials/PreviewShadowIndicatorMaterial.uexp" 255
"../../../Engine/Content/EditorMaterials/MAT_Groups_Visibility.uasset" 256
"../../../Engine/Content/EditorMaterials/MAT_Groups_Visibility.uexp" 257
"../../../Engine/Content/EditorMaterials/MAT_Groups_Toggle.uasset" 258
"../../../Engine/Content/EditorMaterials/MAT_Groups_Toggle.uexp" 259
"../../../Engine/Content/Functions/Engine_MaterialFunctions02/Utility/MakeFloat4.uasset" 260
"../../../Engine/Content/Functions/Engine_MaterialFunctions02/Utility/MakeFloat4.uexp" 261
"../../../Engine/Content/Functions/Engine_MaterialFunctions02/Utility/MakeFloat3.uasset" 262
"../../../Engine/Content/Functions/Engine_MaterialFunctions02/Utility/MakeFloat3.uexp" 263
"../../../Engine/Content/Functions/Engine_MaterialFunctions02/Utility/BreakOutFloat3Components.uasset" 264
"../../../Engine/Content/Functions/Engine_MaterialFunctions02/Utility/BreakOutFloat3Components.uexp" 265
"../../../Engine/Content/EditorMaterials/WorldPartition/WorldPartitionSpatialHashGridPreviewMaterial.uasset" 266
"../../../Engine/Content/EditorMaterials/WorldPartition/WorldPartitionSpatialHashGridPreviewMaterial.uexp" 267
"../../../Engine/Content/EditorMaterials/ParticleSystems/PSysThumbnail_OOD.ubulk" 268
"../../../Engine/Content/EditorMaterials/ParticleSystems/PSysThumbnail_OOD.uasset" 269
"../../../Engine/Content/EditorMaterials/ParticleSystems/PSysThumbnail_OOD.uexp" 270
"../../../Engine/Content/EditorMaterials/ParticleSystems/PSysThumbnail_NoImage.ubulk" 271
"../../../Engine/Content/EditorMaterials/ParticleSystems/PSysThumbnail_NoImage.uasset" 272
"../../../Engine/Content/EditorMaterials/ParticleSystems/PSysThumbnail_NoImage.uexp" 273
"../../../Engine/Content/EditorMaterials/MatineeGroups/MAT_Groups_Vector.uasset" 274
"../../../Engine/Content/EditorMaterials/MatineeGroups/MAT_Groups_Vector.uexp" 275
"../../../Engine/Content/EditorMaterials/MatineeGroups/MAT_Groups_Sound.uasset" 276
"../../../Engine/Content/EditorMaterials/MatineeGroups/MAT_Groups_Sound.uexp" 277
"../../../Engine/Content/EditorMaterials/MatineeGroups/MAT_Groups_Slomo.uasset" 278
"../../../Engine/Content/EditorMaterials/MatineeGroups/MAT_Groups_Slomo.uexp" 279
"../../../Engine/Content/EditorMaterials/MatineeGroups/MAT_Groups_Move.uasset" 280
"../../../Engine/Content/EditorMaterials/MatineeGroups/MAT_Groups_Move.uexp" 281
"../../../Engine/Content/EditorMaterials/MatineeGroups/MAT_Groups_Float.uasset" 282
"../../../Engine/Content/EditorMaterials/MatineeGroups/MAT_Groups_Float.uexp" 283
"../../../Engine/Content/EditorMaterials/MatineeGroups/MAT_Groups_Fade.uasset" 284
"../../../Engine/Content/EditorMaterials/MatineeGroups/MAT_Groups_Fade.uexp" 285
"../../../Engine/Content/EditorMaterials/MatineeGroups/MAT_Groups_Event.uasset" 286
"../../../Engine/Content/EditorMaterials/MatineeGroups/MAT_Groups_Event.uexp" 287
"../../../Engine/Content/EditorMaterials/MatineeGroups/MAT_Groups_Director.uasset" 288
"../../../Engine/Content/EditorMaterials/MatineeGroups/MAT_Groups_Director.uexp" 289
"../../../Engine/Content/EditorMaterials/MatineeGroups/MAT_Groups_AudioMaster.uasset" 290
"../../../Engine/Content/EditorMaterials/MatineeGroups/MAT_Groups_AudioMaster.uexp" 291
"../../../Engine/Content/EditorMaterials/MatineeGroups/MAT_Groups_Anim.uasset" 292
"../../../Engine/Content/EditorMaterials/MatineeGroups/MAT_Groups_Anim.uexp" 293
"../../../Engine/Content/EditorMaterials/MatineeGroups/MAT_ColorTrack.uasset" 294
"../../../Engine/Content/EditorMaterials/MatineeGroups/MAT_ColorTrack.uexp" 295
"../../../Engine/Content/EditorLandscapeResources/DefaultAlphaTexture.uasset" 296
"../../../Engine/Content/EditorLandscapeResources/DefaultAlphaTexture.uexp" 297
"../../../Engine/Content/EditorLandscapeResources/DataLayer.uasset" 298
"../../../Engine/Content/EditorLandscapeResources/DataLayer.uexp" 299
"../../../Engine/Content/EngineMaterials/T_Default_Material_Grid_M.ubulk" 300
"../../../Engine/Content/EngineMaterials/T_Default_Material_Grid_M.uasset" 301
"../../../Engine/Content/EngineMaterials/T_Default_Material_Grid_M.uexp" 302
"../../../Engine/Content/EngineMaterials/T_Default_Material_Grid_N.ubulk" 303
"../../../Engine/Content/EngineMaterials/T_Default_Material_Grid_N.uasset" 304
"../../../Engine/Content/EngineMaterials/T_Default_Material_Grid_N.uexp" 305
"../../../Engine/Content/Functions/Engine_MaterialFunctions01/Opacity/CameraDepthFade.uasset" 306
"../../../Engine/Content/Functions/Engine_MaterialFunctions01/Opacity/CameraDepthFade.uexp" 307
"../../../Engine/Content/EngineMaterials/DefaultMaterial.uasset" 308
"../../../Engine/Content/EngineMaterials/DefaultMaterial.uexp" 309
"../../../Engine/Content/BasicShapes/Sphere.ubulk" 310
"../../../Engine/Content/BasicShapes/Sphere.uasset" 311
"../../../Engine/Content/BasicShapes/Sphere.uexp" 312
"../../../Engine/Content/EngineMaterials/WorldGridMaterial.uasset" 313
"../../../Engine/Content/EngineMaterials/WorldGridMaterial.uexp" 314
"../../../Engine/Content/BasicShapes/Plane.ubulk" 315
"../../../Engine/Content/BasicShapes/Plane.uasset" 316
"../../../Engine/Content/BasicShapes/Plane.uexp" 317
"../../../Engine/Content/BasicShapes/Cylinder.ubulk" 318
"../../../Engine/Content/BasicShapes/Cylinder.uasset" 319
"../../../Engine/Content/BasicShapes/Cylinder.uexp" 320
"../../../Engine/Content/BasicShapes/Cone.ubulk" 321
"../../../Engine/Content/BasicShapes/Cone.uasset" 322
"../../../Engine/Content/BasicShapes/Cone.uexp" 323
"../../../Engine/Content/ArtTools/RenderToTexture/Meshes/S_1_Unit_Plane.ubulk" 324
"../../../Engine/Content/ArtTools/RenderToTexture/Meshes/S_1_Unit_Plane.uasset" 325
"../../../Engine/Content/ArtTools/RenderToTexture/Meshes/S_1_Unit_Plane.uexp" 326
"../../../Engine/Content/MobileResources/HUD/VirtualJoystick_Background.uasset" 327
"../../../Engine/Content/MobileResources/HUD/VirtualJoystick_Background.uexp" 328
"../../../Engine/Content/MobileResources/HUD/VirtualJoystick_Thumb.uasset" 329
"../../../Engine/Content/MobileResources/HUD/VirtualJoystick_Thumb.uexp" 330
"../../../Engine/Content/MobileResources/HUD/DefaultVirtualJoysticks.uasset" 331
"../../../Engine/Content/MobileResources/HUD/DefaultVirtualJoysticks.uexp" 332
"../../../Engine/Content/OpenWorldTemplate/HLOD/HLOD0_Instancing.uasset" 333
"../../../Engine/Content/OpenWorldTemplate/HLOD/HLOD0_Instancing.uexp" 334
"../../../Engine/Content/EngineMaterials/BlendFunc_DefBlend.uasset" 335
"../../../Engine/Content/EngineMaterials/BlendFunc_DefBlend.uexp" 336
"../../../Engine/Content/EngineMaterials/BlendFunc_DefBase.uasset" 337
"../../../Engine/Content/EngineMaterials/BlendFunc_DefBase.uexp" 338
"../../../Engine/Content/Functions/Engine_MaterialFunctions03/Blends/Blend_Overlay.uasset" 339
"../../../Engine/Content/Functions/Engine_MaterialFunctions03/Blends/Blend_Overlay.uexp" 340
"../../../Engine/Content/OpenWorldTemplate/LandscapeMaterial/T_GridChecker_A.ubulk" 341
"../../../Engine/Content/OpenWorldTemplate/LandscapeMaterial/T_GridChecker_A.uasset" 342
"../../../Engine/Content/OpenWorldTemplate/LandscapeMaterial/T_GridChecker_A.uexp" 343
"../../../Engine/Content/Functions/Engine_MaterialFunctions01/Gradient/LinearGradient.uasset" 344
"../../../Engine/Content/Functions/Engine_MaterialFunctions01/Gradient/LinearGradient.uexp" 345
"../../../Engine/Content/Functions/Engine_MaterialFunctions01/ImageAdjustment/CheapContrast.uasset" 346
"../../../Engine/Content/Functions/Engine_MaterialFunctions01/ImageAdjustment/CheapContrast.uexp" 347
"../../../Engine/Content/OpenWorldTemplate/LandscapeMaterial/MF_ProcGrid.uasset" 348
"../../../Engine/Content/OpenWorldTemplate/LandscapeMaterial/MF_ProcGrid.uexp" 349
"../../../Engine/Content/OpenWorldTemplate/LandscapeMaterial/M_ProcGrid.uasset" 350
"../../../Engine/Content/OpenWorldTemplate/LandscapeMaterial/M_ProcGrid.uexp" 351
"../../../Engine/Content/Tutorial/ContentIntroCurve.uasset" 352
"../../../Engine/Content/Tutorial/ContentIntroCurve.uexp" 353
"../../../Engine/Content/VREditor/TransformGizmo/Main.uasset" 354
"../../../Engine/Content/VREditor/TransformGizmo/Main.uexp" 355
"../../../Engine/Content/VREditor/TransformGizmo/Xray.uasset" 356
"../../../Engine/Content/VREditor/TransformGizmo/Xray.uexp" 357
"../../../Engine/Content/VREditor/TransformGizmo/SM_Sequencer_Node.ubulk" 358
"../../../Engine/Content/VREditor/TransformGizmo/SM_Sequencer_Node.uasset" 359
"../../../Engine/Content/VREditor/TransformGizmo/SM_Sequencer_Node.uexp" 360
"../../../Engine/Content/VREditor/LaserPointer/VR_LaserPower_01.ubulk" 361
"../../../Engine/Content/VREditor/LaserPointer/VR_LaserPower_01.uasset" 362
"../../../Engine/Content/VREditor/LaserPointer/VR_LaserPower_01.uexp" 363
"../../../Engine/Content/VREditor/TransformGizmo/TransformGizmoMaterial.uasset" 364
"../../../Engine/Content/VREditor/TransformGizmo/TransformGizmoMaterial.uexp" 365
"../../../Engine/Content/VREditor/TransformGizmo/TranslucentTransformGizmoMaterial.uasset" 366
"../../../Engine/Content/VREditor/TransformGizmo/TranslucentTransformGizmoMaterial.uexp" 367
"../../../Engine/Content/VREditor/TransformGizmo/PlaneTranslationHandle.ubulk" 368
"../../../Engine/Content/VREditor/TransformGizmo/PlaneTranslationHandle.uasset" 369
"../../../Engine/Content/VREditor/TransformGizmo/PlaneTranslationHandle.uexp" 370
"../../../Engine/Content/VREditor/TransformGizmo/BoundingBoxEdge.ubulk" 371
"../../../Engine/Content/VREditor/TransformGizmo/BoundingBoxEdge.uasset" 372
"../../../Engine/Content/VREditor/TransformGizmo/BoundingBoxEdge.uexp" 373
"../../../Engine/Content/VREditor/TransformGizmo/BoundingBoxCorner.ubulk" 374
"../../../Engine/Content/VREditor/TransformGizmo/BoundingBoxCorner.uasset" 375
"../../../Engine/Content/VREditor/TransformGizmo/BoundingBoxCorner.uexp" 376
"../../../Engine/Plugins/2D/Paper2D/Content/PlaceholderTextures/DummySpriteTexture.ubulk" 377
"../../../Engine/Plugins/2D/Paper2D/Content/PlaceholderTextures/DummySpriteTexture.uasset" 378
"../../../Engine/Plugins/2D/Paper2D/Content/PlaceholderTextures/DummySpriteTexture.uexp" 379
"../../../Engine/Plugins/2D/Paper2D/Content/DefaultSpriteMaterial.uasset" 380
"../../../Engine/Plugins/2D/Paper2D/Content/DefaultSpriteMaterial.uexp" 381
"../../../Engine/Plugins/2D/Paper2D/Content/OpaqueUnlitSpriteMaterial.uasset" 382
"../../../Engine/Plugins/2D/Paper2D/Content/OpaqueUnlitSpriteMaterial.uexp" 383
"../../../Engine/Plugins/2D/Paper2D/Content/MaskedUnlitSpriteMaterial.uasset" 384
"../../../Engine/Plugins/2D/Paper2D/Content/MaskedUnlitSpriteMaterial.uexp" 385
"../../../Engine/Plugins/2D/Paper2D/Content/DummySprite.uasset" 386
"../../../Engine/Plugins/2D/Paper2D/Content/DummySprite.uexp" 387
"../../../Engine/Plugins/2D/Paper2D/Content/DefaultPaperTerrainMaterial.uasset" 388
"../../../Engine/Plugins/2D/Paper2D/Content/DefaultPaperTerrainMaterial.uexp" 389
"../../../Engine/Plugins/Animation/ControlRig/Content/M_Manip.uasset" 390
"../../../Engine/Plugins/Animation/ControlRig/Content/M_Manip.uexp" 391
"../../../Engine/Plugins/Animation/ControlRig/Content/Controls/DefaultGizmoLibraryNormalized.uasset" 392
"../../../Engine/Plugins/Animation/ControlRig/Content/Controls/DefaultGizmoLibraryNormalized.uexp" 393
"../../../Engine/Plugins/Animation/ControlRig/Content/Controls/ControlRig_Wedge_solid.ubulk" 394
"../../../Engine/Plugins/Animation/ControlRig/Content/Controls/ControlRig_Wedge_solid.uasset" 395
"../../../Engine/Plugins/Animation/ControlRig/Content/Controls/ControlRig_Wedge_solid.uexp" 396
"../../../Engine/Plugins/Animation/ControlRig/Content/Controls/ControlRig_Wedge_3mm.ubulk" 397
"../../../Engine/Plugins/Animation/ControlRig/Content/Controls/ControlRig_Wedge_3mm.uasset" 398
"../../../Engine/Plugins/Animation/ControlRig/Content/Controls/ControlRig_Wedge_3mm.uexp" 399
"../../../Engine/Plugins/Animation/ControlRig/Content/Controls/ControlRig_Wedge_1mm.ubulk" 400
"../../../Engine/Plugins/Animation/ControlRig/Content/Controls/ControlRig_Wedge_1mm.uasset" 401
"../../../Engine/Plugins/Animation/ControlRig/Content/Controls/ControlRig_Wedge_1mm.uexp" 402
"../../../Engine/Plugins/Animation/ControlRig/Content/Controls/ControlRig_Triangle_solid.ubulk" 403
"../../../Engine/Plugins/Animation/ControlRig/Content/Controls/ControlRig_Triangle_solid.uasset" 404
"../../../Engine/Plugins/Animation/ControlRig/Content/Controls/ControlRig_Triangle_solid.uexp" 405
"../../../Engine/Plugins/Animation/ControlRig/Content/Controls/ControlRig_Triangle_3mm.ubulk" 406
"../../../Engine/Plugins/Animation/ControlRig/Content/Controls/ControlRig_Triangle_3mm.uasset" 407
"../../../Engine/Plugins/Animation/ControlRig/Content/Controls/ControlRig_Triangle_3mm.uexp" 408
"../../../Engine/Plugins/Animation/ControlRig/Content/Controls/ControlRig_Triangle_1mm.ubulk" 409
"../../../Engine/Plugins/Animation/ControlRig/Content/Controls/ControlRig_Triangle_1mm.uasset" 410
"../../../Engine/Plugins/Animation/ControlRig/Content/Controls/ControlRig_Triangle_1mm.uexp" 411
"../../../Engine/Plugins/Animation/ControlRig/Content/Controls/ControlRig_Star4_solid.ubulk" 412
"../../../Engine/Plugins/Animation/ControlRig/Content/Controls/ControlRig_Star4_solid.uasset" 413
"../../../Engine/Plugins/Animation/ControlRig/Content/Controls/ControlRig_Star4_solid.uexp" 414
"../../../Engine/Plugins/Animation/ControlRig/Content/Controls/ControlRig_Star4_3mm.ubulk" 415
"../../../Engine/Plugins/Animation/ControlRig/Content/Controls/ControlRig_Star4_3mm.uasset" 416
"../../../Engine/Plugins/Animation/ControlRig/Content/Controls/ControlRig_Star4_3mm.uexp" 417
"../../../Engine/Plugins/Animation/ControlRig/Content/Controls/ControlRig_Star4_1mm.ubulk" 418
"../../../Engine/Plugins/Animation/ControlRig/Content/Controls/ControlRig_Star4_1mm.uasset" 419
"../../../Engine/Plugins/Animation/ControlRig/Content/Controls/ControlRig_Star4_1mm.uexp" 420
"../../../Engine/Plugins/Animation/ControlRig/Content/Controls/ControlRig_Square_solid.ubulk" 421
"../../../Engine/Plugins/Animation/ControlRig/Content/Controls/ControlRig_Square_solid.uasset" 422
"../../../Engine/Plugins/Animation/ControlRig/Content/Controls/ControlRig_Square_solid.uexp" 423
"../../../Engine/Plugins/Animation/ControlRig/Content/Controls/ControlRig_Square_3mm.ubulk" 424
"../../../Engine/Plugins/Animation/ControlRig/Content/Controls/ControlRig_Square_3mm.uasset" 425
"../../../Engine/Plugins/Animation/ControlRig/Content/Controls/ControlRig_Square_3mm.uexp" 426
"../../../Engine/Plugins/Animation/ControlRig/Content/Controls/ControlRig_Square_1mm.ubulk" 427
"../../../Engine/Plugins/Animation/ControlRig/Content/Controls/ControlRig_Square_1mm.uasset" 428
"../../../Engine/Plugins/Animation/ControlRig/Content/Controls/ControlRig_Square_1mm.uexp" 429
"../../../Engine/Plugins/Animation/ControlRig/Content/Controls/ControlRig_Sphere_solid.ubulk" 430
"../../../Engine/Plugins/Animation/ControlRig/Content/Controls/ControlRig_Sphere_solid.uasset" 431
"../../../Engine/Plugins/Animation/ControlRig/Content/Controls/ControlRig_Sphere_solid.uexp" 432
"../../../Engine/Plugins/Animation/ControlRig/Content/Controls/ControlRig_Sphere_3mm.ubulk" 433
"../../../Engine/Plugins/Animation/ControlRig/Content/Controls/ControlRig_Sphere_3mm.uasset" 434
"../../../Engine/Plugins/Animation/ControlRig/Content/Controls/ControlRig_Sphere_3mm.uexp" 435
"../../../Engine/Plugins/Animation/ControlRig/Content/Controls/ControlRig_Sphere_1mm.ubulk" 436
"../../../Engine/Plugins/Animation/ControlRig/Content/Controls/ControlRig_Sphere_1mm.uasset" 437
"../../../Engine/Plugins/Animation/ControlRig/Content/Controls/ControlRig_Sphere_1mm.uexp" 438
"../../../Engine/Plugins/Animation/ControlRig/Content/Controls/ControlRig_RoundedTriangle_solid.ubulk" 439
"../../../Engine/Plugins/Animation/ControlRig/Content/Controls/ControlRig_RoundedTriangle_solid.uasset" 440
"../../../Engine/Plugins/Animation/ControlRig/Content/Controls/ControlRig_RoundedTriangle_solid.uexp" 441
"../../../Engine/Plugins/Animation/ControlRig/Content/Controls/ControlRig_RoundedTriangle_3mm.ubulk" 442
"../../../Engine/Plugins/Animation/ControlRig/Content/Controls/ControlRig_RoundedTriangle_3mm.uasset" 443
"../../../Engine/Plugins/Animation/ControlRig/Content/Controls/ControlRig_RoundedTriangle_3mm.uexp" 444
"../../../Engine/Plugins/Animation/ControlRig/Content/Controls/ControlRig_RoundedTriangle_1mm.ubulk" 445
"../../../Engine/Plugins/Animation/ControlRig/Content/Controls/ControlRig_RoundedTriangle_1mm.uasset" 446
"../../../Engine/Plugins/Animation/ControlRig/Content/Controls/ControlRig_RoundedTriangle_1mm.uexp" 447
"../../../Engine/Plugins/Animation/ControlRig/Content/Controls/ControlRig_RoundedSquare_solid.ubulk" 448
"../../../Engine/Plugins/Animation/ControlRig/Content/Controls/ControlRig_RoundedSquare_solid.uasset" 449
"../../../Engine/Plugins/Animation/ControlRig/Content/Controls/ControlRig_RoundedSquare_solid.uexp" 450
"../../../Engine/Plugins/Animation/ControlRig/Content/Controls/ControlRig_RoundedSquare_3mm.ubulk" 451
"../../../Engine/Plugins/Animation/ControlRig/Content/Controls/ControlRig_RoundedSquare_3mm.uasset" 452
"../../../Engine/Plugins/Animation/ControlRig/Content/Controls/ControlRig_RoundedSquare_3mm.uexp" 453
"../../../Engine/Plugins/Animation/ControlRig/Content/Controls/ControlRig_RoundedSquare_1mm.ubulk" 454
"../../../Engine/Plugins/Animation/ControlRig/Content/Controls/ControlRig_RoundedSquare_1mm.uasset" 455
"../../../Engine/Plugins/Animation/ControlRig/Content/Controls/ControlRig_RoundedSquare_1mm.uexp" 456
"../../../Engine/Plugins/Animation/ControlRig/Content/Controls/ControlRig_QuarterCircle_solid.ubulk" 457
"../../../Engine/Plugins/Animation/ControlRig/Content/Controls/ControlRig_QuarterCircle_solid.uasset" 458
"../../../Engine/Plugins/Animation/ControlRig/Content/Controls/ControlRig_QuarterCircle_solid.uexp" 459
"../../../Engine/Plugins/Animation/ControlRig/Content/Controls/ControlRig_QuarterCircle_3mm.ubulk" 460
"../../../Engine/Plugins/Animation/ControlRig/Content/Controls/ControlRig_QuarterCircle_3mm.uasset" 461
"../../../Engine/Plugins/Animation/ControlRig/Content/Controls/ControlRig_QuarterCircle_3mm.uexp" 462
"../../../Engine/Plugins/Animation/ControlRig/Content/Controls/ControlRig_QuarterCircle_1mm.ubulk" 463
"../../../Engine/Plugins/Animation/ControlRig/Content/Controls/ControlRig_QuarterCircle_1mm.uasset" 464
"../../../Engine/Plugins/Animation/ControlRig/Content/Controls/ControlRig_QuarterCircle_1mm.uexp" 465
"../../../Engine/Plugins/Animation/ControlRig/Content/Controls/ControlRig_Pyramid_solid.ubulk" 466
"../../../Engine/Plugins/Animation/ControlRig/Content/Controls/ControlRig_Pyramid_solid.uasset" 467
"../../../Engine/Plugins/Animation/ControlRig/Content/Controls/ControlRig_Pyramid_solid.uexp" 468
"../../../Engine/Plugins/Animation/ControlRig/Content/Controls/ControlRig_Pyramid_3mm.ubulk" 469
"../../../Engine/Plugins/Animation/ControlRig/Content/Controls/ControlRig_Pyramid_3mm.uasset" 470
"../../../Engine/Plugins/Animation/ControlRig/Content/Controls/ControlRig_Pyramid_3mm.uexp" 471
"../../../Engine/Plugins/Animation/ControlRig/Content/Controls/ControlRig_Pyramid_1mm.ubulk" 472
"../../../Engine/Plugins/Animation/ControlRig/Content/Controls/ControlRig_Pyramid_1mm.uasset" 473
"../../../Engine/Plugins/Animation/ControlRig/Content/Controls/ControlRig_Pyramid_1mm.uexp" 474
"../../../Engine/Plugins/Animation/ControlRig/Content/Controls/ControlRig_Octagon_solid.ubulk" 475
"../../../Engine/Plugins/Animation/ControlRig/Content/Controls/ControlRig_Octagon_solid.uasset" 476
"../../../Engine/Plugins/Animation/ControlRig/Content/Controls/ControlRig_Octagon_solid.uexp" 477
"../../../Engine/Plugins/Animation/ControlRig/Content/Controls/ControlRig_Octagon_3mm.ubulk" 478
"../../../Engine/Plugins/Animation/ControlRig/Content/Controls/ControlRig_Octagon_3mm.uasset" 479
"../../../Engine/Plugins/Animation/ControlRig/Content/Controls/ControlRig_Octagon_3mm.uexp" 480
"../../../Engine/Plugins/Animation/ControlRig/Content/Controls/ControlRig_Octagon_1mm.ubulk" 481
"../../../Engine/Plugins/Animation/ControlRig/Content/Controls/ControlRig_Octagon_1mm.uasset" 482
"../../../Engine/Plugins/Animation/ControlRig/Content/Controls/ControlRig_Octagon_1mm.uexp" 483
"../../../Engine/Plugins/Animation/ControlRig/Content/Controls/ControlRig_Hexagon_solid.ubulk" 484
"../../../Engine/Plugins/Animation/ControlRig/Content/Controls/ControlRig_Hexagon_solid.uasset" 485
"../../../Engine/Plugins/Animation/ControlRig/Content/Controls/ControlRig_Hexagon_solid.uexp" 486
"../../../Engine/Plugins/Animation/ControlRig/Content/Controls/ControlRig_Hexagon_3mm.ubulk" 487
"../../../Engine/Plugins/Animation/ControlRig/Content/Controls/ControlRig_Hexagon_3mm.uasset" 488
"../../../Engine/Plugins/Animation/ControlRig/Content/Controls/ControlRig_Hexagon_3mm.uexp" 489
"../../../Engine/Plugins/Animation/ControlRig/Content/Controls/ControlRig_Hexagon_1mm.ubulk" 490
"../../../Engine/Plugins/Animation/ControlRig/Content/Controls/ControlRig_Hexagon_1mm.uasset" 491
"../../../Engine/Plugins/Animation/ControlRig/Content/Controls/ControlRig_Hexagon_1mm.uexp" 492
"../../../Engine/Plugins/Animation/ControlRig/Content/Controls/ControlRig_HalfCircle_solid.ubulk" 493
"../../../Engine/Plugins/Animation/ControlRig/Content/Controls/ControlRig_HalfCircle_solid.uasset" 494
"../../../Engine/Plugins/Animation/ControlRig/Content/Controls/ControlRig_HalfCircle_solid.uexp" 495
"../../../Engine/Plugins/Animation/ControlRig/Content/Controls/ControlRig_HalfCircle_3mm.ubulk" 496
"../../../Engine/Plugins/Animation/ControlRig/Content/Controls/ControlRig_HalfCircle_3mm.uasset" 497
"../../../Engine/Plugins/Animation/ControlRig/Content/Controls/ControlRig_HalfCircle_3mm.uexp" 498
"../../../Engine/Plugins/Animation/ControlRig/Content/Controls/ControlRig_HalfCircle_1mm.ubulk" 499
"../../../Engine/Plugins/Animation/ControlRig/Content/Controls/ControlRig_HalfCircle_1mm.uasset" 500
"../../../Engine/Plugins/Animation/ControlRig/Content/Controls/ControlRig_HalfCircle_1mm.uexp" 501
"../../../Engine/Plugins/Animation/ControlRig/Content/Controls/ControlRig_Diamond_solid.ubulk" 502
"../../../Engine/Plugins/Animation/ControlRig/Content/Controls/ControlRig_Diamond_solid.uasset" 503
"../../../Engine/Plugins/Animation/ControlRig/Content/Controls/ControlRig_Diamond_solid.uexp" 504
"../../../Engine/Plugins/Animation/ControlRig/Content/Controls/ControlRig_Diamond_3mm.ubulk" 505
"../../../Engine/Plugins/Animation/ControlRig/Content/Controls/ControlRig_Diamond_3mm.uasset" 506
"../../../Engine/Plugins/Animation/ControlRig/Content/Controls/ControlRig_Diamond_3mm.uexp" 507
"../../../Engine/Plugins/Animation/ControlRig/Content/Controls/ControlRig_Diamond_1mm.ubulk" 508
"../../../Engine/Plugins/Animation/ControlRig/Content/Controls/ControlRig_Diamond_1mm.uasset" 509
"../../../Engine/Plugins/Animation/ControlRig/Content/Controls/ControlRig_Diamond_1mm.uexp" 510
"../../../Engine/Plugins/Animation/ControlRig/Content/Controls/ControlRig_Circle_solid.ubulk" 511
"../../../Engine/Plugins/Animation/ControlRig/Content/Controls/ControlRig_Circle_solid.uasset" 512
"../../../Engine/Plugins/Animation/ControlRig/Content/Controls/ControlRig_Circle_solid.uexp" 513
"../../../Engine/Plugins/Animation/ControlRig/Content/Controls/ControlRig_Circle_3mm.ubulk" 514
"../../../Engine/Plugins/Animation/ControlRig/Content/Controls/ControlRig_Circle_3mm.uasset" 515
"../../../Engine/Plugins/Animation/ControlRig/Content/Controls/ControlRig_Circle_3mm.uexp" 516
"../../../Engine/Plugins/Animation/ControlRig/Content/Controls/ControlRig_Circle_1mm.ubulk" 517
"../../../Engine/Plugins/Animation/ControlRig/Content/Controls/ControlRig_Circle_1mm.uasset" 518
"../../../Engine/Plugins/Animation/ControlRig/Content/Controls/ControlRig_Circle_1mm.uexp" 519
"../../../Engine/Plugins/Animation/ControlRig/Content/Controls/ControlRig_Box_solid.ubulk" 520
"../../../Engine/Plugins/Animation/ControlRig/Content/Controls/ControlRig_Box_solid.uasset" 521
"../../../Engine/Plugins/Animation/ControlRig/Content/Controls/ControlRig_Box_solid.uexp" 522
"../../../Engine/Plugins/Animation/ControlRig/Content/Controls/ControlRig_Box_3mm.ubulk" 523
"../../../Engine/Plugins/Animation/ControlRig/Content/Controls/ControlRig_Box_3mm.uasset" 524
"../../../Engine/Plugins/Animation/ControlRig/Content/Controls/ControlRig_Box_3mm.uexp" 525
"../../../Engine/Plugins/Animation/ControlRig/Content/Controls/ControlRig_Box_1mm.ubulk" 526
"../../../Engine/Plugins/Animation/ControlRig/Content/Controls/ControlRig_Box_1mm.uasset" 527
"../../../Engine/Plugins/Animation/ControlRig/Content/Controls/ControlRig_Box_1mm.uexp" 528
"../../../Engine/Plugins/Animation/ControlRig/Content/Controls/ControlRig_Arrow_solid.ubulk" 529
"../../../Engine/Plugins/Animation/ControlRig/Content/Controls/ControlRig_Arrow_solid.uasset" 530
"../../../Engine/Plugins/Animation/ControlRig/Content/Controls/ControlRig_Arrow_solid.uexp" 531
"../../../Engine/Plugins/Animation/ControlRig/Content/Controls/ControlRig_Arrow_3mm.ubulk" 532
"../../../Engine/Plugins/Animation/ControlRig/Content/Controls/ControlRig_Arrow_3mm.uasset" 533
"../../../Engine/Plugins/Animation/ControlRig/Content/Controls/ControlRig_Arrow_3mm.uexp" 534
"../../../Engine/Plugins/Animation/ControlRig/Content/Controls/ControlRig_Arrow_1mm.ubulk" 535
"../../../Engine/Plugins/Animation/ControlRig/Content/Controls/ControlRig_Arrow_1mm.uasset" 536
"../../../Engine/Plugins/Animation/ControlRig/Content/Controls/ControlRig_Arrow_1mm.uexp" 537
"../../../Engine/Plugins/Animation/ControlRig/Content/Controls/ControlRig_Arrow4_solid.ubulk" 538
"../../../Engine/Plugins/Animation/ControlRig/Content/Controls/ControlRig_Arrow4_solid.uasset" 539
"../../../Engine/Plugins/Animation/ControlRig/Content/Controls/ControlRig_Arrow4_solid.uexp" 540
"../../../Engine/Plugins/Animation/ControlRig/Content/Controls/ControlRig_Arrow4_3mm.ubulk" 541
"../../../Engine/Plugins/Animation/ControlRig/Content/Controls/ControlRig_Arrow4_3mm.uasset" 542
"../../../Engine/Plugins/Animation/ControlRig/Content/Controls/ControlRig_Arrow4_3mm.uexp" 543
"../../../Engine/Plugins/Animation/ControlRig/Content/Controls/ControlRig_Arrow4_1mm.ubulk" 544
"../../../Engine/Plugins/Animation/ControlRig/Content/Controls/ControlRig_Arrow4_1mm.uasset" 545
"../../../Engine/Plugins/Animation/ControlRig/Content/Controls/ControlRig_Arrow4_1mm.uexp" 546
"../../../Engine/Plugins/Animation/ControlRig/Content/Controls/ControlRig_Arrow2_solid.ubulk" 547
"../../../Engine/Plugins/Animation/ControlRig/Content/Controls/ControlRig_Arrow2_solid.uasset" 548
"../../../Engine/Plugins/Animation/ControlRig/Content/Controls/ControlRig_Arrow2_solid.uexp" 549
"../../../Engine/Plugins/Animation/ControlRig/Content/Controls/ControlRig_Arrow2_3mm.ubulk" 550
"../../../Engine/Plugins/Animation/ControlRig/Content/Controls/ControlRig_Arrow2_3mm.uasset" 551
"../../../Engine/Plugins/Animation/ControlRig/Content/Controls/ControlRig_Arrow2_3mm.uexp" 552
"../../../Engine/Plugins/Animation/ControlRig/Content/Controls/ControlRig_Arrow2_1mm.ubulk" 553
"../../../Engine/Plugins/Animation/ControlRig/Content/Controls/ControlRig_Arrow2_1mm.uasset" 554
"../../../Engine/Plugins/Animation/ControlRig/Content/Controls/ControlRig_Arrow2_1mm.uexp" 555
"../../../Engine/Plugins/Animation/ControlRig/Content/Controls/ControlRigGizmoMaterial.uasset" 556
"../../../Engine/Plugins/Animation/ControlRig/Content/Controls/ControlRigGizmoMaterial.uexp" 557
"../../../Engine/Plugins/Editor/SpeedTreeImporter/Content/SpeedTree9/game_wind_noise.ubulk" 558
"../../../Engine/Plugins/Editor/SpeedTreeImporter/Content/SpeedTree9/game_wind_noise.uasset" 559
"../../../Engine/Plugins/Editor/SpeedTreeImporter/Content/SpeedTree9/game_wind_noise.uexp" 560
"../../../Engine/Plugins/Editor/SpeedTreeImporter/Content/SpeedTree9/UnpackDirection.uasset" 561
"../../../Engine/Plugins/Editor/SpeedTreeImporter/Content/SpeedTree9/UnpackDirection.uexp" 562
"../../../Engine/Content/Functions/Engine_MaterialFunctions02/ObjectLocalBounds.uasset" 563
"../../../Engine/Content/Functions/Engine_MaterialFunctions02/ObjectLocalBounds.uexp" 564
"../../../Engine/Content/Functions/Engine_MaterialFunctions02/UVs/BoundingBoxBased_0-1_UVW.uasset" 565
"../../../Engine/Content/Functions/Engine_MaterialFunctions02/UVs/BoundingBoxBased_0-1_UVW.uexp" 566
"../../../Engine/Content/Functions/Engine_MaterialFunctions02/Utility/VectorLength.uasset" 567
"../../../Engine/Content/Functions/Engine_MaterialFunctions02/Utility/VectorLength.uexp" 568
"../../../Engine/Plugins/Editor/SpeedTreeImporter/Content/SpeedTree9/UnpackInteger3.uasset" 569
"../../../Engine/Plugins/Editor/SpeedTreeImporter/Content/SpeedTree9/UnpackInteger3.uexp" 570
"../../../Engine/Plugins/Editor/SpeedTreeImporter/Content/SpeedTree9/SpeedTreeCameraFacing.uasset" 571
"../../../Engine/Plugins/Editor/SpeedTreeImporter/Content/SpeedTree9/SpeedTreeCameraFacing.uexp" 572
"../../../Engine/Content/Functions/Engine_MaterialFunctions02/WorldPositionOffset/ObjectScale.uasset" 573
"../../../Engine/Content/Functions/Engine_MaterialFunctions02/WorldPositionOffset/ObjectScale.uexp" 574
"../../../Engine/Content/Functions/Engine_MaterialFunctions02/SafeNormalize.uasset" 575
"../../../Engine/Content/Functions/Engine_MaterialFunctions02/SafeNormalize.uexp" 576
"../../../Engine/Plugins/Editor/SpeedTreeImporter/Content/SpeedTree9/SpeedTreeWindMotion.uasset" 577
"../../../Engine/Plugins/Editor/SpeedTreeImporter/Content/SpeedTree9/SpeedTreeWindMotion.uexp" 578
"../../../Engine/Plugins/Editor/SpeedTreeImporter/Content/SpeedTree9/SpeedTreeBranchMotion.uasset" 579
"../../../Engine/Plugins/Editor/SpeedTreeImporter/Content/SpeedTree9/SpeedTreeBranchMotion.uexp" 580
"../../../Engine/Plugins/Editor/SpeedTreeImporter/Content/SpeedTree9/SpeedTreeWind.uasset" 581
"../../../Engine/Plugins/Editor/SpeedTreeImporter/Content/SpeedTree9/SpeedTreeWind.uexp" 582
"../../../Engine/Plugins/Editor/SpeedTreeImporter/Content/SpeedTree9/EmptyNormal.uasset" 583
"../../../Engine/Plugins/Editor/SpeedTreeImporter/Content/SpeedTree9/EmptyNormal.uexp" 584
"../../../Engine/Plugins/Editor/SpeedTreeImporter/Content/SpeedTree9/Empty.uasset" 585
"../../../Engine/Plugins/Editor/SpeedTreeImporter/Content/SpeedTree9/Empty.uexp" 586
"../../../Engine/Plugins/Editor/SpeedTreeImporter/Content/SpeedTree9/SpeedTreeMaster.uasset" 587
"../../../Engine/Plugins/Editor/SpeedTreeImporter/Content/SpeedTree9/SpeedTreeMaster.uexp" 588
"../../../Engine/Plugins/Editor/SpeedTreeImporter/Content/SpeedTree9/SpeedTreeBillboard.uasset" 589
"../../../Engine/Plugins/Editor/SpeedTreeImporter/Content/SpeedTree9/SpeedTreeBillboard.uexp" 590
"../../../Engine/Plugins/Editor/SpeedTreeImporter/Content/SpeedTree9/SpeedTreeBillboardMaster.uasset" 591
"../../../Engine/Plugins/Editor/SpeedTreeImporter/Content/SpeedTree9/SpeedTreeBillboardMaster.uexp" 592
"../../../Engine/Plugins/Runtime/HairStrands/Content/Materials/HairMeshesDefaultMaterial.uasset" 593
"../../../Engine/Plugins/Runtime/HairStrands/Content/Materials/HairMeshesDefaultMaterial.uexp" 594
"../../../Engine/Plugins/Runtime/HairStrands/Content/Materials/HairDefaultMaterial.uasset" 595
"../../../Engine/Plugins/Runtime/HairStrands/Content/Materials/HairDefaultMaterial.uexp" 596
"../../../Engine/Plugins/Runtime/HairStrands/Content/Materials/HairGroupColors.uasset" 597
"../../../Engine/Plugins/Runtime/HairStrands/Content/Materials/HairGroupColors.uexp" 598
"../../../Engine/Content/EngineMaterials/HairColorMap.uasset" 599
"../../../Engine/Content/EngineMaterials/HairColorMap.uexp" 600
"../../../Engine/Content/EngineMaterials/HairDebugColor.uasset" 601
"../../../Engine/Content/EngineMaterials/HairDebugColor.uexp" 602
"../../../Engine/Plugins/Runtime/HairStrands/Content/Materials/HairDebugMaterial.uasset" 603
"../../../Engine/Plugins/Runtime/HairStrands/Content/Materials/HairDebugMaterial.uexp" 604
"../../../Engine/Plugins/Runtime/HairStrands/Content/Materials/HairCardsDefaultMaterial.uasset" 605
"../../../Engine/Plugins/Runtime/HairStrands/Content/Materials/HairCardsDefaultMaterial.uexp" 606
"E:/3D Design/Game/MiniGolfUE5/Content/Blueprints/BP_Projectile.uasset" 607
"E:/3D Design/Game/MiniGolfUE5/Content/Blueprints/BP_Projectile.uexp" 608
"E:/3D Design/Game/MiniGolfUE5/Content/Meshes/Cube2.ubulk" 609
"E:/3D Design/Game/MiniGolfUE5/Content/Meshes/Cube2.uasset" 610
"E:/3D Design/Game/MiniGolfUE5/Content/Meshes/Cube2.uexp" 611
"E:/3D Design/Game/MiniGolfUE5/Content/Meshes/default.uasset" 612
"E:/3D Design/Game/MiniGolfUE5/Content/Meshes/default.uexp" 613
"E:/3D Design/Game/MiniGolfUE5/Content/Meshes/golfball.ubulk" 614
"E:/3D Design/Game/MiniGolfUE5/Content/Meshes/golfball.uasset" 615
"E:/3D Design/Game/MiniGolfUE5/Content/Meshes/golfball.uexp" 616
"E:/3D Design/Game/MiniGolfUE5/Content/Blueprints/BP_GolfBall.uasset" 617
"E:/3D Design/Game/MiniGolfUE5/Content/Blueprints/BP_GolfBall.uexp" 618
"E:/3D Design/Game/MiniGolfUE5/Content/Blueprints/GameMode/BP_GameMode.uasset" 619
"E:/3D Design/Game/MiniGolfUE5/Content/Blueprints/GameMode/BP_GameMode.uexp" 620
"../../../Engine/Content/BasicShapes/Cube.ubulk" 621
"../../../Engine/Content/BasicShapes/Cube.uasset" 622
"../../../Engine/Content/BasicShapes/Cube.uexp" 623
"../../../Engine/Content/BasicShapes/BasicShapeMaterial.uasset" 624
"../../../Engine/Content/BasicShapes/BasicShapeMaterial.uexp" 625
"E:/3D Design/Game/MiniGolfUE5/Content/Blueprints/Course/BP_Course.uasset" 626
"E:/3D Design/Game/MiniGolfUE5/Content/Blueprints/Course/BP_Course.uexp" 627
"E:/3D Design/Game/MiniGolfUE5/Content/Textures/golf-ball-diffuse.uasset" 628
"E:/3D Design/Game/MiniGolfUE5/Content/Textures/golf-ball-diffuse.uexp" 629
"E:/3D Design/Game/MiniGolfUE5/Content/Textures/MAT_Golf_Ball.uasset" 630
"E:/3D Design/Game/MiniGolfUE5/Content/Textures/MAT_Golf_Ball.uexp" 631
"E:/3D Design/Game/MiniGolfUE5/Content/Meshes/Golf_Ball.ubulk" 632
"E:/3D Design/Game/MiniGolfUE5/Content/Meshes/Golf_Ball.uasset" 633
"E:/3D Design/Game/MiniGolfUE5/Content/Meshes/Golf_Ball.uexp" 634
"../../../Engine/Content/Maps/Entry_BuiltData.uasset" 635
"../../../Engine/Content/Maps/Entry_BuiltData.uexp" 636
"../../../Engine/Content/Maps/Entry.uexp" 637
"../../../Engine/Content/Maps/Entry.umap" 638
"E:/3D Design/Game/MiniGolfUE5/Content/Level/MainLevel_HLOD0_Instancing.uasset" 639
"E:/3D Design/Game/MiniGolfUE5/Content/Level/MainLevel_HLOD0_Instancing.uexp" 640
"E:/3D Design/Game/MiniGolfUE5/Content/Level/MainLevel.uexp" 641
"E:/3D Design/Game/MiniGolfUE5/Content/Level/MainLevel.ubulk" 642
"E:/3D Design/Game/MiniGolfUE5/Content/Level/MainLevel.umap" 643
"E:/3D Design/Game/MiniGolfUE5/Content/Level/Course_1_HLOD0_Instancing.uasset" 644
"E:/3D Design/Game/MiniGolfUE5/Content/Level/Course_1_HLOD0_Instancing.uexp" 645
"E:/3D Design/Game/MiniGolfUE5/Content/Level/Course_1.uexp" 646
"E:/3D Design/Game/MiniGolfUE5/Content/Level/Course_1.ubulk" 647
"E:/3D Design/Game/MiniGolfUE5/Content/Level/Course_1.umap" 648
"E:/3D Design/Game/MiniGolfUE5/Content/Level/MainLevel/_Generated_/MainLevel_MainGrid_L1_X0_Y0_DL0.uexp" 649
"E:/3D Design/Game/MiniGolfUE5/Content/Level/MainLevel/_Generated_/MainLevel_MainGrid_L1_X0_Y0_DL0.ubulk" 650
"E:/3D Design/Game/MiniGolfUE5/Content/Level/MainLevel/_Generated_/MainLevel_MainGrid_L1_X0_Y0_DL0.umap" 651
"E:/3D Design/Game/MiniGolfUE5/Content/Level/MainLevel/_Generated_/MainLevel_MainGrid_L1_X-2_Y0_DL0.uexp" 652
"E:/3D Design/Game/MiniGolfUE5/Content/Level/MainLevel/_Generated_/MainLevel_MainGrid_L1_X-2_Y0_DL0.ubulk" 653
"E:/3D Design/Game/MiniGolfUE5/Content/Level/MainLevel/_Generated_/MainLevel_MainGrid_L1_X-2_Y0_DL0.umap" 654
"E:/3D Design/Game/MiniGolfUE5/Content/Level/Course_1/_Generated_/Course_1_MainGrid_L0_X0_Y-1_DL0.uexp" 655
"E:/3D Design/Game/MiniGolfUE5/Content/Level/Course_1/_Generated_/Course_1_MainGrid_L0_X0_Y-1_DL0.umap" 656
"E:/3D Design/Game/MiniGolfUE5/Content/Level/Course_1/_Generated_/Course_1_MainGrid_L1_X1_Y-2_DL0.uexp" 657
"E:/3D Design/Game/MiniGolfUE5/Content/Level/Course_1/_Generated_/Course_1_MainGrid_L1_X1_Y-2_DL0.ubulk" 658
"E:/3D Design/Game/MiniGolfUE5/Content/Level/Course_1/_Generated_/Course_1_MainGrid_L1_X1_Y-2_DL0.umap" 659
"E:/3D Design/Game/MiniGolfUE5/Content/Level/Course_1/_Generated_/Course_1_MainGrid_L1_X-2_Y-2_DL0.uexp" 660
"E:/3D Design/Game/MiniGolfUE5/Content/Level/Course_1/_Generated_/Course_1_MainGrid_L1_X-2_Y-2_DL0.ubulk" 661
"E:/3D Design/Game/MiniGolfUE5/Content/Level/Course_1/_Generated_/Course_1_MainGrid_L1_X-2_Y-2_DL0.umap" 662
"E:/3D Design/Game/MiniGolfUE5/Content/Level/Course_1/_Generated_/Course_1_MainGrid_L1_X-2_Y0_DL0.uexp" 663
"E:/3D Design/Game/MiniGolfUE5/Content/Level/Course_1/_Generated_/Course_1_MainGrid_L1_X-2_Y0_DL0.ubulk" 664
"E:/3D Design/Game/MiniGolfUE5/Content/Level/Course_1/_Generated_/Course_1_MainGrid_L1_X-2_Y0_DL0.umap" 665
"E:/3D Design/Game/MiniGolfUE5/Content/Level/Course_1/_Generated_/Course_1_MainGrid_L2_X0_Y-1_DL0.uexp" 666
"E:/3D Design/Game/MiniGolfUE5/Content/Level/Course_1/_Generated_/Course_1_MainGrid_L2_X0_Y-1_DL0.ubulk" 667
"E:/3D Design/Game/MiniGolfUE5/Content/Level/Course_1/_Generated_/Course_1_MainGrid_L2_X0_Y-1_DL0.umap" 668
"E:/3D Design/Game/MiniGolfUE5/Content/Level/Course_1/_Generated_/Course_1_MainGrid_L0_X0_Y0_DL0.uexp" 669
"E:/3D Design/Game/MiniGolfUE5/Content/Level/Course_1/_Generated_/Course_1_MainGrid_L0_X0_Y0_DL0.ubulk" 670
"E:/3D Design/Game/MiniGolfUE5/Content/Level/Course_1/_Generated_/Course_1_MainGrid_L0_X0_Y0_DL0.umap" 671
"E:/3D Design/Game/MiniGolfUE5/Content/Level/Course_1/_Generated_/Course_1_MainGrid_L1_X1_Y-1_DL0.uexp" 672
"E:/3D Design/Game/MiniGolfUE5/Content/Level/Course_1/_Generated_/Course_1_MainGrid_L1_X1_Y-1_DL0.ubulk" 673
"E:/3D Design/Game/MiniGolfUE5/Content/Level/Course_1/_Generated_/Course_1_MainGrid_L1_X1_Y-1_DL0.umap" 674
"E:/3D Design/Game/MiniGolfUE5/Content/Level/Course_1/_Generated_/Course_1_MainGrid_L2_X-1_Y0_DL0.uexp" 675
"E:/3D Design/Game/MiniGolfUE5/Content/Level/Course_1/_Generated_/Course_1_MainGrid_L2_X-1_Y0_DL0.ubulk" 676
"E:/3D Design/Game/MiniGolfUE5/Content/Level/Course_1/_Generated_/Course_1_MainGrid_L2_X-1_Y0_DL0.umap" 677
"E:/3D Design/Game/MiniGolfUE5/Content/Level/Course_1/_Generated_/Course_1_MainGrid_L2_X-1_Y-1_DL0.uexp" 678
"E:/3D Design/Game/MiniGolfUE5/Content/Level/Course_1/_Generated_/Course_1_MainGrid_L2_X-1_Y-1_DL0.ubulk" 679
"E:/3D Design/Game/MiniGolfUE5/Content/Level/Course_1/_Generated_/Course_1_MainGrid_L2_X-1_Y-1_DL0.umap" 680
"E:/3D Design/Game/MiniGolfUE5/Content/Level/Course_1/_Generated_/Course_1_MainGrid_L1_X1_Y1_DL0.uexp" 681
"E:/3D Design/Game/MiniGolfUE5/Content/Level/Course_1/_Generated_/Course_1_MainGrid_L1_X1_Y1_DL0.ubulk" 682
"E:/3D Design/Game/MiniGolfUE5/Content/Level/Course_1/_Generated_/Course_1_MainGrid_L1_X1_Y1_DL0.umap" 683
"E:/3D Design/Game/MiniGolfUE5/Content/Level/Course_1/_Generated_/Course_1_MainGrid_L1_X0_Y-2_DL0.uexp" 684
"E:/3D Design/Game/MiniGolfUE5/Content/Level/Course_1/_Generated_/Course_1_MainGrid_L1_X0_Y-2_DL0.ubulk" 685
"E:/3D Design/Game/MiniGolfUE5/Content/Level/Course_1/_Generated_/Course_1_MainGrid_L1_X0_Y-2_DL0.umap" 686
"E:/3D Design/Game/MiniGolfUE5/Content/Level/Course_1/_Generated_/Course_1_MainGrid_L1_X-2_Y-1_DL0.uexp" 687
"E:/3D Design/Game/MiniGolfUE5/Content/Level/Course_1/_Generated_/Course_1_MainGrid_L1_X-2_Y-1_DL0.ubulk" 688
"E:/3D Design/Game/MiniGolfUE5/Content/Level/Course_1/_Generated_/Course_1_MainGrid_L1_X-2_Y-1_DL0.umap" 689
"E:/3D Design/Game/MiniGolfUE5/Content/Level/Course_1/_Generated_/Course_1_MainGrid_L1_X0_Y0_DL0.uexp" 690
"E:/3D Design/Game/MiniGolfUE5/Content/Level/Course_1/_Generated_/Course_1_MainGrid_L1_X0_Y0_DL0.ubulk" 691
"E:/3D Design/Game/MiniGolfUE5/Content/Level/Course_1/_Generated_/Course_1_MainGrid_L1_X0_Y0_DL0.umap" 692
"E:/3D Design/Game/MiniGolfUE5/Content/Level/Course_1/_Generated_/Course_1_MainGrid_L1_X0_Y1_DL0.uexp" 693
"E:/3D Design/Game/MiniGolfUE5/Content/Level/Course_1/_Generated_/Course_1_MainGrid_L1_X0_Y1_DL0.ubulk" 694
"E:/3D Design/Game/MiniGolfUE5/Content/Level/Course_1/_Generated_/Course_1_MainGrid_L1_X0_Y1_DL0.umap" 695
"E:/3D Design/Game/MiniGolfUE5/Content/Level/Course_1/_Generated_/Course_1_MainGrid_L1_X-1_Y0_DL0.uexp" 696
"E:/3D Design/Game/MiniGolfUE5/Content/Level/Course_1/_Generated_/Course_1_MainGrid_L1_X-1_Y0_DL0.ubulk" 697
"E:/3D Design/Game/MiniGolfUE5/Content/Level/Course_1/_Generated_/Course_1_MainGrid_L1_X-1_Y0_DL0.umap" 698
"E:/3D Design/Game/MiniGolfUE5/Content/Level/Course_1/_Generated_/Course_1_MainGrid_L1_X-1_Y1_DL0.uexp" 699
"E:/3D Design/Game/MiniGolfUE5/Content/Level/Course_1/_Generated_/Course_1_MainGrid_L1_X-1_Y1_DL0.ubulk" 700
"E:/3D Design/Game/MiniGolfUE5/Content/Level/Course_1/_Generated_/Course_1_MainGrid_L1_X-1_Y1_DL0.umap" 701
"E:/3D Design/Game/MiniGolfUE5/Content/Level/Course_1/_Generated_/Course_1_MainGrid_L1_X-1_Y-2_DL0.uexp" 702
"E:/3D Design/Game/MiniGolfUE5/Content/Level/Course_1/_Generated_/Course_1_MainGrid_L1_X-1_Y-2_DL0.ubulk" 703
"E:/3D Design/Game/MiniGolfUE5/Content/Level/Course_1/_Generated_/Course_1_MainGrid_L1_X-1_Y-2_DL0.umap" 704
"E:/3D Design/Game/MiniGolfUE5/Content/Level/Course_1/_Generated_/Course_1_MainGrid_L1_X1_Y0_DL0.uexp" 705
"E:/3D Design/Game/MiniGolfUE5/Content/Level/Course_1/_Generated_/Course_1_MainGrid_L1_X1_Y0_DL0.ubulk" 706
"E:/3D Design/Game/MiniGolfUE5/Content/Level/Course_1/_Generated_/Course_1_MainGrid_L1_X1_Y0_DL0.umap" 707
"E:/3D Design/Game/MiniGolfUE5/Content/Level/MainLevel/_Generated_/MainLevel_MainGrid_L2_X-1_Y0_DL0.uexp" 708
"E:/3D Design/Game/MiniGolfUE5/Content/Level/MainLevel/_Generated_/MainLevel_MainGrid_L2_X-1_Y0_DL0.ubulk" 709
"E:/3D Design/Game/MiniGolfUE5/Content/Level/MainLevel/_Generated_/MainLevel_MainGrid_L2_X-1_Y0_DL0.umap" 710
"E:/3D Design/Game/MiniGolfUE5/Content/Level/MainLevel/_Generated_/MainLevel_MainGrid_L2_X-1_Y-1_DL0.uexp" 711
"E:/3D Design/Game/MiniGolfUE5/Content/Level/MainLevel/_Generated_/MainLevel_MainGrid_L2_X-1_Y-1_DL0.ubulk" 712
"E:/3D Design/Game/MiniGolfUE5/Content/Level/MainLevel/_Generated_/MainLevel_MainGrid_L2_X-1_Y-1_DL0.umap" 713
"E:/3D Design/Game/MiniGolfUE5/Content/Level/Course_1/_Generated_/Course_1_MainGrid_L1_X-2_Y1_DL0.uexp" 714
"E:/3D Design/Game/MiniGolfUE5/Content/Level/Course_1/_Generated_/Course_1_MainGrid_L1_X-2_Y1_DL0.ubulk" 715
"E:/3D Design/Game/MiniGolfUE5/Content/Level/Course_1/_Generated_/Course_1_MainGrid_L1_X-2_Y1_DL0.umap" 716
"E:/3D Design/Game/MiniGolfUE5/Content/Level/Course_1/_Generated_/Course_1_MainGrid_L1_X0_Y-1_DL0.uexp" 717
"E:/3D Design/Game/MiniGolfUE5/Content/Level/Course_1/_Generated_/Course_1_MainGrid_L1_X0_Y-1_DL0.ubulk" 718
"E:/3D Design/Game/MiniGolfUE5/Content/Level/Course_1/_Generated_/Course_1_MainGrid_L1_X0_Y-1_DL0.umap" 719
"E:/3D Design/Game/MiniGolfUE5/Content/Level/Course_1/_Generated_/Course_1_MainGrid_L1_X-1_Y-1_DL0.uexp" 720
"E:/3D Design/Game/MiniGolfUE5/Content/Level/Course_1/_Generated_/Course_1_MainGrid_L1_X-1_Y-1_DL0.ubulk" 721
"E:/3D Design/Game/MiniGolfUE5/Content/Level/Course_1/_Generated_/Course_1_MainGrid_L1_X-1_Y-1_DL0.umap" 722
"E:/3D Design/Game/MiniGolfUE5/Content/Level/MainLevel/_Generated_/MainLevel_MainGrid_L0_X0_Y0_DL0.uexp" 723
"E:/3D Design/Game/MiniGolfUE5/Content/Level/MainLevel/_Generated_/MainLevel_MainGrid_L0_X0_Y0_DL0.ubulk" 724
"E:/3D Design/Game/MiniGolfUE5/Content/Level/MainLevel/_Generated_/MainLevel_MainGrid_L0_X0_Y0_DL0.umap" 725
"E:/3D Design/Game/MiniGolfUE5/Content/Level/MainLevel/_Generated_/MainLevel_MainGrid_L1_X0_Y-2_DL0.uexp" 726
"E:/3D Design/Game/MiniGolfUE5/Content/Level/MainLevel/_Generated_/MainLevel_MainGrid_L1_X0_Y-2_DL0.ubulk" 727
"E:/3D Design/Game/MiniGolfUE5/Content/Level/MainLevel/_Generated_/MainLevel_MainGrid_L1_X0_Y-2_DL0.umap" 728
"E:/3D Design/Game/MiniGolfUE5/Content/Level/MainLevel/_Generated_/MainLevel_MainGrid_L1_X1_Y0_DL0.uexp" 729
"E:/3D Design/Game/MiniGolfUE5/Content/Level/MainLevel/_Generated_/MainLevel_MainGrid_L1_X1_Y0_DL0.ubulk" 730
"E:/3D Design/Game/MiniGolfUE5/Content/Level/MainLevel/_Generated_/MainLevel_MainGrid_L1_X1_Y0_DL0.umap" 731
"E:/3D Design/Game/MiniGolfUE5/Content/Level/MainLevel/_Generated_/MainLevel_MainGrid_L1_X-1_Y1_DL0.uexp" 732
"E:/3D Design/Game/MiniGolfUE5/Content/Level/MainLevel/_Generated_/MainLevel_MainGrid_L1_X-1_Y1_DL0.ubulk" 733
"E:/3D Design/Game/MiniGolfUE5/Content/Level/MainLevel/_Generated_/MainLevel_MainGrid_L1_X-1_Y1_DL0.umap" 734
"E:/3D Design/Game/MiniGolfUE5/Content/Level/MainLevel/_Generated_/MainLevel_MainGrid_L1_X-2_Y-2_DL0.uexp" 735
"E:/3D Design/Game/MiniGolfUE5/Content/Level/MainLevel/_Generated_/MainLevel_MainGrid_L1_X-2_Y-2_DL0.ubulk" 736
"E:/3D Design/Game/MiniGolfUE5/Content/Level/MainLevel/_Generated_/MainLevel_MainGrid_L1_X-2_Y-2_DL0.umap" 737
"E:/3D Design/Game/MiniGolfUE5/Content/Level/Course_1/_Generated_/Course_1_MainGrid_L2_X0_Y0_DL0.uexp" 738
"E:/3D Design/Game/MiniGolfUE5/Content/Level/Course_1/_Generated_/Course_1_MainGrid_L2_X0_Y0_DL0.ubulk" 739
"E:/3D Design/Game/MiniGolfUE5/Content/Level/Course_1/_Generated_/Course_1_MainGrid_L2_X0_Y0_DL0.umap" 740
"E:/3D Design/Game/MiniGolfUE5/Content/Level/MainLevel/_Generated_/MainLevel_MainGrid_L2_X0_Y-1_DL0.uexp" 741
"E:/3D Design/Game/MiniGolfUE5/Content/Level/MainLevel/_Generated_/MainLevel_MainGrid_L2_X0_Y-1_DL0.ubulk" 742
"E:/3D Design/Game/MiniGolfUE5/Content/Level/MainLevel/_Generated_/MainLevel_MainGrid_L2_X0_Y-1_DL0.umap" 743
"E:/3D Design/Game/MiniGolfUE5/Content/Level/MainLevel/_Generated_/MainLevel_MainGrid_L1_X-1_Y-2_DL0.uexp" 744
"E:/3D Design/Game/MiniGolfUE5/Content/Level/MainLevel/_Generated_/MainLevel_MainGrid_L1_X-1_Y-2_DL0.ubulk" 745
"E:/3D Design/Game/MiniGolfUE5/Content/Level/MainLevel/_Generated_/MainLevel_MainGrid_L1_X-1_Y-2_DL0.umap" 746
"E:/3D Design/Game/MiniGolfUE5/Content/Level/MainLevel/_Generated_/MainLevel_MainGrid_L1_X1_Y-1_DL0.uexp" 747
"E:/3D Design/Game/MiniGolfUE5/Content/Level/MainLevel/_Generated_/MainLevel_MainGrid_L1_X1_Y-1_DL0.ubulk" 748
"E:/3D Design/Game/MiniGolfUE5/Content/Level/MainLevel/_Generated_/MainLevel_MainGrid_L1_X1_Y-1_DL0.umap" 749
"E:/3D Design/Game/MiniGolfUE5/Content/Level/MainLevel/_Generated_/MainLevel_MainGrid_L2_X0_Y0_DL0.uexp" 750
"E:/3D Design/Game/MiniGolfUE5/Content/Level/MainLevel/_Generated_/MainLevel_MainGrid_L2_X0_Y0_DL0.ubulk" 751
"E:/3D Design/Game/MiniGolfUE5/Content/Level/MainLevel/_Generated_/MainLevel_MainGrid_L2_X0_Y0_DL0.umap" 752
"E:/3D Design/Game/MiniGolfUE5/Content/Level/MainLevel/_Generated_/MainLevel_MainGrid_L1_X1_Y-2_DL0.uexp" 753
"E:/3D Design/Game/MiniGolfUE5/Content/Level/MainLevel/_Generated_/MainLevel_MainGrid_L1_X1_Y-2_DL0.ubulk" 754
"E:/3D Design/Game/MiniGolfUE5/Content/Level/MainLevel/_Generated_/MainLevel_MainGrid_L1_X1_Y-2_DL0.umap" 755
"E:/3D Design/Game/MiniGolfUE5/Content/Level/MainLevel/_Generated_/MainLevel_MainGrid_L1_X0_Y1_DL0.uexp" 756
"E:/3D Design/Game/MiniGolfUE5/Content/Level/MainLevel/_Generated_/MainLevel_MainGrid_L1_X0_Y1_DL0.ubulk" 757
"E:/3D Design/Game/MiniGolfUE5/Content/Level/MainLevel/_Generated_/MainLevel_MainGrid_L1_X0_Y1_DL0.umap" 758
"E:/3D Design/Game/MiniGolfUE5/Content/Level/MainLevel/_Generated_/MainLevel_MainGrid_L1_X0_Y-1_DL0.uexp" 759
"E:/3D Design/Game/MiniGolfUE5/Content/Level/MainLevel/_Generated_/MainLevel_MainGrid_L1_X0_Y-1_DL0.ubulk" 760
"E:/3D Design/Game/MiniGolfUE5/Content/Level/MainLevel/_Generated_/MainLevel_MainGrid_L1_X0_Y-1_DL0.umap" 761
"E:/3D Design/Game/MiniGolfUE5/Content/Level/MainLevel/_Generated_/MainLevel_MainGrid_L1_X-1_Y-1_DL0.uexp" 762
"E:/3D Design/Game/MiniGolfUE5/Content/Level/MainLevel/_Generated_/MainLevel_MainGrid_L1_X-1_Y-1_DL0.ubulk" 763
"E:/3D Design/Game/MiniGolfUE5/Content/Level/MainLevel/_Generated_/MainLevel_MainGrid_L1_X-1_Y-1_DL0.umap" 764
"E:/3D Design/Game/MiniGolfUE5/Content/Level/MainLevel/_Generated_/MainLevel_MainGrid_L1_X-1_Y0_DL0.uexp" 765
"E:/3D Design/Game/MiniGolfUE5/Content/Level/MainLevel/_Generated_/MainLevel_MainGrid_L1_X-1_Y0_DL0.ubulk" 766
"E:/3D Design/Game/MiniGolfUE5/Content/Level/MainLevel/_Generated_/MainLevel_MainGrid_L1_X-1_Y0_DL0.umap" 767
"E:/3D Design/Game/MiniGolfUE5/Content/Level/MainLevel/_Generated_/MainLevel_MainGrid_L1_X-2_Y1_DL0.uexp" 768
"E:/3D Design/Game/MiniGolfUE5/Content/Level/MainLevel/_Generated_/MainLevel_MainGrid_L1_X-2_Y1_DL0.ubulk" 769
"E:/3D Design/Game/MiniGolfUE5/Content/Level/MainLevel/_Generated_/MainLevel_MainGrid_L1_X-2_Y1_DL0.umap" 770
"E:/3D Design/Game/MiniGolfUE5/Content/Level/MainLevel/_Generated_/MainLevel_MainGrid_L1_X-2_Y-1_DL0.uexp" 771
"E:/3D Design/Game/MiniGolfUE5/Content/Level/MainLevel/_Generated_/MainLevel_MainGrid_L1_X-2_Y-1_DL0.ubulk" 772
"E:/3D Design/Game/MiniGolfUE5/Content/Level/MainLevel/_Generated_/MainLevel_MainGrid_L1_X-2_Y-1_DL0.umap" 773
"E:/3D Design/Game/MiniGolfUE5/Content/Level/MainLevel/_Generated_/MainLevel_MainGrid_L1_X1_Y1_DL0.uexp" 774
"E:/3D Design/Game/MiniGolfUE5/Content/Level/MainLevel/_Generated_/MainLevel_MainGrid_L1_X1_Y1_DL0.ubulk" 775
"E:/3D Design/Game/MiniGolfUE5/Content/Level/MainLevel/_Generated_/MainLevel_MainGrid_L1_X1_Y1_DL0.umap" 776
